SF:/home/miles/dev/checkin-memory/src/Checkin.Services/DeviceService.cs
FN:24,System.Void Checkin.Services.DeviceService::Add(Checkin.Models.Device)
FNDA:1,System.Void Checkin.Services.DeviceService::Add(Checkin.Models.Device)
DA:25,1
DA:27,1
DA:30,1
DA:31,1
DA:32,1
DA:33,1
DA:35,0
DA:36,0
DA:37,0
DA:38,0
DA:40,1
DA:41,1
BRDA:27,26,0,0
BRDA:27,26,1,1
BRDA:30,58,0,1
BRDA:30,58,1,0
FN:45,System.Void Checkin.Services.DeviceService::Update(Checkin.Models.Device)
FNDA:2,System.Void Checkin.Services.DeviceService::Update(Checkin.Models.Device)
DA:46,2
DA:47,4
DA:49,2
DA:50,2
DA:51,2
FN:53,System.Collections.Generic.List`1<Checkin.Models.Device> Checkin.Services.DeviceService::GetAll()
FNDA:2,System.Collections.Generic.List`1<Checkin.Models.Device> Checkin.Services.DeviceService::GetAll()
DA:54,2
DA:55,2
DA:56,1
DA:57,1
DA:59,1
DA:60,2
BRDA:55,19,0,1
BRDA:55,19,1,1
FN:62,Checkin.Models.Device Checkin.Services.DeviceService::GetByIp(System.String)
FNDA:0,Checkin.Models.Device Checkin.Services.DeviceService::GetByIp(System.String)
DA:63,0
DA:64,0
DA:65,0
DA:66,0
DA:68,0
DA:69,0
BRDA:64,32,0,0
BRDA:64,32,1,0
FN:71,Checkin.Models.Device Checkin.Services.DeviceService::GetByDevice(System.Int32)
FNDA:0,Checkin.Models.Device Checkin.Services.DeviceService::GetByDevice(System.Int32)
DA:72,0
DA:73,0
DA:74,0
DA:75,0
DA:77,0
DA:78,0
BRDA:73,32,0,0
BRDA:73,32,1,0
FN:14,System.Void Checkin.Services.DeviceService::.ctor(Checkin.Repositories.IDeviceRepository,AutoMapper.IMapper)
FNDA:5,System.Void Checkin.Services.DeviceService::.ctor(Checkin.Repositories.IDeviceRepository,AutoMapper.IMapper)
DA:15,5
DA:16,5
DA:17,5
DA:18,5
DA:19,5
DA:20,5
DA:21,5
DA:22,5
LF:43
LH:27
BRF:10
BRH:4
FNF:6
FNH:4
end_of_record
SF:/home/miles/dev/checkin-memory/src/Checkin.Repositories/CacheRepository.cs
FN:15,T Checkin.Repositories.CacheRepository`1::Get(System.String)
FNDA:0,T Checkin.Repositories.CacheRepository`1::Get(System.String)
DA:16,0
DA:17,0
DA:18,0
DA:19,0
DA:22,0
DA:23,0
BRDA:17,17,0,0
BRDA:17,17,1,0
FN:25,System.Void Checkin.Repositories.CacheRepository`1::Set(System.String,T)
FNDA:0,System.Void Checkin.Repositories.CacheRepository`1::Set(System.String,T)
DA:26,0
DA:27,0
DA:28,0
FN:9,System.Void Checkin.Repositories.CacheRepository`1::.ctor(Microsoft.Extensions.Caching.Memory.IMemoryCache)
FNDA:1,System.Void Checkin.Repositories.CacheRepository`1::.ctor(Microsoft.Extensions.Caching.Memory.IMemoryCache)
DA:10,1
DA:11,1
DA:12,1
DA:13,1
LF:13
LH:4
BRF:2
BRH:0
FNF:3
FNH:1
end_of_record
SF:/home/miles/dev/checkin-memory/src/Checkin.Repositories/DeviceRepository.cs
FN:18,System.Void Checkin.Repositories.DeviceRepository::Create(System.Collections.Generic.List`1<Checkin.Models.Device>)
FNDA:2,System.Void Checkin.Repositories.DeviceRepository::Create(System.Collections.Generic.List`1<Checkin.Models.Device>)
DA:19,2
DA:20,2
DA:21,2
FN:23,System.Collections.Generic.List`1<Checkin.Models.Device> Checkin.Repositories.DeviceRepository::GetAll()
FNDA:0,System.Collections.Generic.List`1<Checkin.Models.Device> Checkin.Repositories.DeviceRepository::GetAll()
DA:24,0
DA:25,0
DA:26,0
DA:27,0
DA:28,0
FN:30,System.Void Checkin.Repositories.DeviceRepository::Update(Checkin.Models.Device)
FNDA:1,System.Void Checkin.Repositories.DeviceRepository::Update(Checkin.Models.Device)
DA:31,1
DA:32,1
DA:33,2
DA:34,1
DA:35,1
DA:36,1
FN:12,System.Void Checkin.Repositories.DeviceRepository::.ctor(Checkin.Repositories.ICacheRepository`1<System.Collections.Generic.List`1<Checkin.Models.Device>>)
FNDA:4,System.Void Checkin.Repositories.DeviceRepository::.ctor(Checkin.Repositories.ICacheRepository`1<System.Collections.Generic.List`1<Checkin.Models.Device>>)
DA:13,4
DA:14,4
DA:15,4
DA:16,4
LF:18
LH:13
BRF:0
BRH:0
FNF:4
FNH:3
end_of_record
SF:/home/miles/dev/checkin-memory/src/Checkin.Models/Device/Device.cs
FN:7,System.Int32 Checkin.Models.Device::get_Id()
FNDA:38,System.Int32 Checkin.Models.Device::get_Id()
DA:8,38
FN:8,System.String Checkin.Models.Device::get_Name()
FNDA:9,System.String Checkin.Models.Device::get_Name()
DA:9,9
FN:9,System.String Checkin.Models.Device::get_IpAddress()
FNDA:32,System.String Checkin.Models.Device::get_IpAddress()
DA:10,32
FN:10,Checkin.Models.DeviceNetwork Checkin.Models.Device::get_Network()
FNDA:0,Checkin.Models.DeviceNetwork Checkin.Models.Device::get_Network()
DA:11,0
FN:11,System.DateTime Checkin.Models.Device::get_CreatedDate()
FNDA:18,System.DateTime Checkin.Models.Device::get_CreatedDate()
DA:12,18
FN:12,System.DateTime Checkin.Models.Device::get_ModifiedDate()
FNDA:0,System.DateTime Checkin.Models.Device::get_ModifiedDate()
DA:13,0
FN:15,System.String Checkin.Models.Device::get_ModifiedDateString()
FNDA:0,System.String Checkin.Models.Device::get_ModifiedDateString()
DA:16,0
LF:7
LH:4
BRF:0
BRH:0
FNF:7
FNH:4
end_of_record
SF:/home/miles/dev/checkin-memory/src/Checkin.Models/Device/DeviceDto.cs
FN:10,System.Int32 Checkin.Models.DeviceDto::get_Id()
FNDA:0,System.Int32 Checkin.Models.DeviceDto::get_Id()
DA:11,0
FN:11,System.String Checkin.Models.DeviceDto::get_Name()
FNDA:0,System.String Checkin.Models.DeviceDto::get_Name()
DA:12,0
FN:13,System.String Checkin.Models.DeviceDto::get_IpAddress()
FNDA:0,System.String Checkin.Models.DeviceDto::get_IpAddress()
DA:14,0
FN:14,Checkin.Models.DeviceNetworkDto Checkin.Models.DeviceDto::get_ExternalNetwork()
FNDA:0,Checkin.Models.DeviceNetworkDto Checkin.Models.DeviceDto::get_ExternalNetwork()
DA:15,0
FN:15,System.DateTime Checkin.Models.DeviceDto::get_CreatedDate()
FNDA:0,System.DateTime Checkin.Models.DeviceDto::get_CreatedDate()
DA:16,0
FN:16,System.Collections.Generic.IDictionary`2<System.String,System.Object> Checkin.Models.DeviceDto::get_Attributes()
FNDA:0,System.Collections.Generic.IDictionary`2<System.String,System.Object> Checkin.Models.DeviceDto::get_Attributes()
DA:17,0
LF:6
LH:0
BRF:0
BRH:0
FNF:6
FNH:0
end_of_record
SF:/home/miles/dev/checkin-memory/src/Checkin.Models/Device/DeviceNetwork.cs
FN:6,System.String Checkin.Models.DeviceNetwork::get_ExternalIpAddress()
FNDA:0,System.String Checkin.Models.DeviceNetwork::get_ExternalIpAddress()
DA:7,0
FN:7,System.String Checkin.Models.DeviceNetwork::get_DomainName()
FNDA:0,System.String Checkin.Models.DeviceNetwork::get_DomainName()
DA:8,0
FN:8,System.String Checkin.Models.DeviceNetwork::get_IspName()
FNDA:0,System.String Checkin.Models.DeviceNetwork::get_IspName()
DA:9,0
FN:9,System.DateTime Checkin.Models.DeviceNetwork::get_LastModified()
FNDA:0,System.DateTime Checkin.Models.DeviceNetwork::get_LastModified()
DA:10,0
FN:10,System.DateTime Checkin.Models.DeviceNetwork::get_DateCreated()
FNDA:0,System.DateTime Checkin.Models.DeviceNetwork::get_DateCreated()
DA:11,0
LF:5
LH:0
BRF:0
BRH:0
FNF:5
FNH:0
end_of_record
SF:/home/miles/dev/checkin-memory/src/Checkin.Models/Device/DeviceNetworkDto.cs
FN:6,System.String Checkin.Models.DeviceNetworkDto::get_ExternalIpAddress()
FNDA:0,System.String Checkin.Models.DeviceNetworkDto::get_ExternalIpAddress()
DA:7,0
FN:7,System.String Checkin.Models.DeviceNetworkDto::get_DomainName()
FNDA:0,System.String Checkin.Models.DeviceNetworkDto::get_DomainName()
DA:8,0
FN:8,System.String Checkin.Models.DeviceNetworkDto::get_IspName()
FNDA:0,System.String Checkin.Models.DeviceNetworkDto::get_IspName()
DA:9,0
FN:9,System.DateTime Checkin.Models.DeviceNetworkDto::get_LastModified()
FNDA:0,System.DateTime Checkin.Models.DeviceNetworkDto::get_LastModified()
DA:10,0
FN:10,System.DateTime Checkin.Models.DeviceNetworkDto::get_DateCreated()
FNDA:0,System.DateTime Checkin.Models.DeviceNetworkDto::get_DateCreated()
DA:11,0
LF:5
LH:0
BRF:0
BRH:0
FNF:5
FNH:0
end_of_record
SF:/home/miles/dev/checkin-memory/src/Checkin.Models/MapperProfiles/DeviceDtoToDeviceProfile.cs
FN:7,System.Void Checkin.Models.DeviceDtoToDeviceProfile::.ctor()
FNDA:0,System.Void Checkin.Models.DeviceDtoToDeviceProfile::.ctor()
DA:8,0
DA:9,0
DA:10,0
DA:11,0
DA:12,0
DA:13,0
DA:14,0
DA:15,0
DA:16,0
DA:17,0
DA:18,0
LF:11
LH:0
BRF:0
BRH:0
FNF:1
FNH:0
end_of_record
SF:/home/miles/dev/checkin-memory/src/Checkin.Models/MapperProfiles/DeviceNetworkToDeviceNetworkDtoProfile.cs
FN:7,System.Void Checkin.Models.DeviceNetworkToDeviceNetworkDtoProfile::.ctor()
FNDA:0,System.Void Checkin.Models.DeviceNetworkToDeviceNetworkDtoProfile::.ctor()
DA:8,0
DA:9,0
DA:10,0
DA:11,0
DA:12,0
DA:13,0
DA:14,0
DA:15,0
DA:16,0
DA:17,0
LF:10
LH:0
BRF:0
BRH:0
FNF:1
FNH:0
end_of_record
SF:/home/miles/dev/checkin-memory/src/Checkin.Models/MapperProfiles/DeviceToDeviceMerge.cs
FN:6,System.Void Checkin.Models.DeviceToDeviceMergeProfile::.ctor()
FNDA:0,System.Void Checkin.Models.DeviceToDeviceMergeProfile::.ctor()
DA:7,0
DA:8,0
DA:9,0
DA:10,0
DA:11,0
LF:5
LH:0
BRF:0
BRH:0
FNF:1
FNH:0
end_of_record
SF:/home/miles/dev/checkin-memory/src/Checkin.Models/Extensions/PrettyDate.cs
FN:7,System.String Checkin.Models.Extensions.PrettyDate::GetPrettyDate(System.DateTime)
FNDA:0,System.String Checkin.Models.Extensions.PrettyDate::GetPrettyDate(System.DateTime)
DA:8,0
DA:11,0
DA:15,0
DA:19,0
DA:23,0
DA:24,0
DA:25,0
DA:30,0
DA:31,0
DA:32,0
DA:33,0
DA:34,0
DA:38,0
DA:39,0
DA:40,0
DA:44,0
DA:45,0
DA:46,0
DA:50,0
DA:51,0
DA:52,0
DA:53,0
DA:57,0
DA:58,0
DA:59,0
DA:63,0
DA:64,0
DA:65,0
DA:66,0
DA:68,0
DA:71,0
DA:72,0
DA:73,0
DA:75,0
DA:76,0
DA:77,0
DA:78,0
DA:80,0
DA:81,0
DA:82,0
DA:83,0
DA:85,0
DA:86,0
BRDA:23,36,0,0
BRDA:23,36,1,0
BRDA:23,53,0,0
BRDA:23,53,1,0
BRDA:30,72,0,0
BRDA:32,87,0,0
BRDA:32,87,1,0
BRDA:38,111,0,0
BRDA:38,111,1,0
BRDA:44,135,0,0
BRDA:44,135,1,0
BRDA:50,162,0,0
BRDA:50,162,1,0
BRDA:57,216,0,0
BRDA:57,216,1,0
BRDA:63,243,0,0
BRDA:63,243,1,0
BRDA:30,72,1,0
BRDA:71,291,0,0
BRDA:71,291,1,0
BRDA:75,311,0,0
BRDA:75,311,1,0
BRDA:80,343,0,0
BRDA:80,343,1,0
LF:43
LH:0
BRF:24
BRH:0
FNF:1
FNH:0
end_of_record